[2025-11-02T03:30:10] TRY wc_store aceseeds.org https://aceseeds.org/wp-json/wc/store/products
[2025-11-02T03:30:23] FOUND 170 items for aceseeds.org
[2025-11-02T03:30:24] TRY wp_product aceseeds.org https://aceseeds.org/wp-json/wp/v2/product
[2025-11-02T03:30:32] FOUND 170 items for aceseeds.org
[2025-11-02T03:30:33] TRY wc_store blimburnseeds.com https://blimburnseeds.com/wp-json/wc/store/products
[2025-11-02T03:30:42] FOUND 250 items for blimburnseeds.com
[2025-11-02T03:30:42] TRY wp_product blimburnseeds.com https://blimburnseeds.com/wp-json/wp/v2/product
[2025-11-02T03:30:50] FOUND 250 items for blimburnseeds.com
[2025-11-02T03:30:51] TRY wc_store bulkseedbank.org https://bulkseedbank.org/wp-json/wc/store/products
[2025-11-02T03:31:08] FOUND 129 items for bulkseedbank.org
[2025-11-02T03:31:08] TRY wp_product bulkseedbank.org https://bulkseedbank.org/wp-json/wp/v2/product
[2025-11-02T03:31:21] FOUND 129 items for bulkseedbank.org
[2025-11-02T03:31:21] TRY wc_store dnagenetics.com https://dnagenetics.com/wp-json/wc/store/products
[2025-11-02T03:31:28] FOUND 83 items for dnagenetics.com
[2025-11-02T03:31:28] TRY wp_product dnagenetics.com https://dnagenetics.com/wp-json/wp/v2/product
[2025-11-02T03:31:35] FOUND 83 items for dnagenetics.com
[2025-11-02T03:31:35] TRY wc_store drunderground.com https://drunderground.com/wp-json/wc/store/products
[2025-11-02T03:31:37] FOUND 19 items for drunderground.com
[2025-11-02T03:31:37] TRY wp_product drunderground.com https://drunderground.com/wp-json/wp/v2/product
[2025-11-02T03:31:38] FOUND 19 items for drunderground.com
[2025-11-02T03:31:38] TRY wc_store genehtik.com https://genehtik.com/wp-json/wc/store/products
[2025-11-02T03:31:44] FOUND 41 items for genehtik.com
[2025-11-02T03:31:45] TRY wp_product genehtik.com https://genehtik.com/wp-json/wp/v2/product
[2025-11-02T03:31:51] FOUND 41 items for genehtik.com
[2025-11-02T03:31:51] TRY wc_store greenbodhi.org https://greenbodhi.org/wp-json/wc/store/products
[2025-11-02T03:31:52] FOUND 3 items for greenbodhi.org
[2025-11-02T03:31:52] TRY wp_product greenbodhi.org https://greenbodhi.org/wp-json/wp/v2/product
[2025-11-02T03:31:53] FOUND 3 items for greenbodhi.org
[2025-11-02T03:31:53] TRY wc_store hyp3rids.com https://hyp3rids.com/wp-json/wc/store/products
[2025-11-02T03:31:56] FOUND 75 items for hyp3rids.com
[2025-11-02T03:31:56] TRY wc_store kcbrains.com https://kcbrains.com/wp-json/wc/store/products
[2025-11-02T03:31:58] FOUND 61 items for kcbrains.com
[2025-11-02T03:31:58] TRY wp_product kcbrains.com https://kcbrains.com/wp-json/wp/v2/product
[2025-11-02T03:32:01] FOUND 61 items for kcbrains.com
[2025-11-02T03:32:01] TRY wc_store lasemillaautomatica.com https://lasemillaautomatica.com/wp-json/wc/store/products
[2025-11-02T03:32:13] FOUND 52 items for lasemillaautomatica.com
[2025-11-02T03:32:13] TRY wp_product lasemillaautomatica.com https://lasemillaautomatica.com/wp-json/wp/v2/product
[2025-11-02T03:32:18] FOUND 52 items for lasemillaautomatica.com
[2025-11-02T03:32:18] TRY shopify nirvanashop.com https://nirvanashop.com/products.json
[2025-11-02T03:32:19] FOUND 167 items for nirvanashop.com
[2025-11-02T03:32:20] TRY wc_store northcoastgenetics.com https://northcoastgenetics.com/wp-json/wc/store/products
[2025-11-02T03:32:25] FOUND 122 items for northcoastgenetics.com
[2025-11-02T03:32:26] TRY wp_product northcoastgenetics.com https://northcoastgenetics.com/wp-json/wp/v2/product
[2025-11-02T03:32:30] FOUND 122 items for northcoastgenetics.com
[2025-11-02T03:32:31] TRY wc_store paradise-seeds.com https://paradise-seeds.com/wp-json/wc/store/products
[2025-11-02T03:32:39] FOUND 113 items for paradise-seeds.com
[2025-11-02T03:32:39] TRY wc_store spliffseeds.nl https://spliffseeds.nl/wp-json/wc/store/products
[2025-11-02T03:32:49] FOUND 58 items for spliffseeds.nl
[2025-11-02T03:32:49] TRY wp_product spliffseeds.nl https://spliffseeds.nl/wp-json/wp/v2/product
[2025-11-02T03:32:52] FOUND 58 items for spliffseeds.nl
[2025-11-02T03:32:52] TRY wc_store thebulldogseeds.com https://thebulldogseeds.com/wp-json/wc/store/products
[2025-11-02T03:32:54] FOUND 26 items for thebulldogseeds.com
[2025-11-02T03:32:54] TRY wp_product thebulldogseeds.com https://thebulldogseeds.com/wp-json/wp/v2/product
[2025-11-02T03:32:55] FOUND 26 items for thebulldogseeds.com
[2025-11-02T03:32:55] TRY wc_store visionseeds.nl https://visionseeds.nl/wp-json/wc/store/products
[2025-11-02T03:32:57] FOUND 76 items for visionseeds.nl
[2025-11-02T03:32:57] TRY wp_product visionseeds.nl https://visionseeds.nl/wp-json/wp/v2/product
[2025-11-02T03:32:59] FOUND 76 items for visionseeds.nl
